2025.10.15 13:30:19 INFO  es[][o.e.n.Node] version[8.11.0], pid[130], build[tar/d9ec3fa628c7b0ba3d25692e277ba26814820b20/2023-11-04T10:04:57.184859352Z], OS[Linux/6.10.14-linuxkit/amd64], JVM[Eclipse Adoptium/OpenJDK 64-Bit Server VM/17.0.10/17.0.10+7]
2025.10.15 13:30:19 INFO  es[][o.e.n.Node] JVM home [/opt/java/openjdk], using bundled JDK [false]
2025.10.15 13:30:19 INFO  es[][o.e.n.Node] JVM arguments [-Des.networkaddress.cache.ttl=60, -Des.networkaddress.cache.negative.ttl=10, -Djava.security.manager=allow, -XX:+AlwaysPreTouch, -Xss1m, -Djava.awt.headless=true, -Dfile.encoding=UTF-8, -Djna.nosys=true, -XX:-OmitStackTraceInFastThrow, -Dio.netty.noUnsafe=true, -Dio.netty.noKeySetOptimization=true, -Dio.netty.recycler.maxCapacityPerThread=0, -Dlog4j.shutdownHookEnabled=false, -Dlog4j2.disable.jmx=true, -Dlog4j2.formatMsgNoLookups=true, -Djava.locale.providers=SPI,COMPAT, --add-opens=java.base/java.io=org.elasticsearch.preallocate, -XX:+UseG1GC, -Djava.io.tmpdir=/opt/sonarqube/temp, -XX:ErrorFile=/opt/sonarqube/logs/es_hs_err_pid%p.log, -Xlog:disable, -Des.networkaddress.cache.ttl=60, -Des.networkaddress.cache.negative.ttl=10, -XX:+AlwaysPreTouch, -Xss1m, -Djava.awt.headless=true, -Dfile.encoding=UTF-8, -Djna.nosys=true, -Djna.tmpdir=/opt/sonarqube/temp, -XX:-OmitStackTraceInFastThrow, -Dio.netty.noUnsafe=true, -Dio.netty.noKeySetOptimization=true, -Dio.netty.recycler.maxCapacityPerThread=0, -Dio.netty.allocator.numDirectArenas=0, -Dlog4j.shutdownHookEnabled=false, -Dlog4j2.disable.jmx=true, -Dlog4j2.formatMsgNoLookups=true, -Djava.locale.providers=COMPAT, -Dcom.redhat.fips=false, -Xmx512m, -Xms512m, -XX:MaxDirectMemorySize=256m, -XX:+HeapDumpOnOutOfMemoryError, -XX:G1HeapRegionSize=4m, -XX:InitiatingHeapOccupancyPercent=30, -XX:G1ReservePercent=15, -Des.distribution.type=tar, --module-path=/opt/sonarqube/elasticsearch/lib, --add-modules=jdk.net, --add-modules=ALL-MODULE-PATH, -Djdk.module.main=org.elasticsearch.server]
2025.10.15 13:30:22 INFO  es[][o.e.p.PluginsService] loaded module [lang-painless]
2025.10.15 13:30:22 INFO  es[][o.e.p.PluginsService] loaded module [parent-join]
2025.10.15 13:30:22 INFO  es[][o.e.p.PluginsService] loaded module [x-pack-core]
2025.10.15 13:30:22 INFO  es[][o.e.p.PluginsService] loaded module [old-lucene-versions]
2025.10.15 13:30:22 INFO  es[][o.e.p.PluginsService] loaded module [rest-root]
2025.10.15 13:30:22 INFO  es[][o.e.p.PluginsService] loaded module [x-pack-redact]
2025.10.15 13:30:22 INFO  es[][o.e.p.PluginsService] loaded module [reindex]
2025.10.15 13:30:22 INFO  es[][o.e.p.PluginsService] loaded module [analysis-common]
2025.10.15 13:30:22 INFO  es[][o.e.p.PluginsService] loaded module [x-pack-security]
2025.10.15 13:30:22 INFO  es[][o.e.p.PluginsService] loaded module [transport-netty4]
2025.10.15 13:30:22 INFO  es[][o.e.p.PluginsService] loaded module [apm]
2025.10.15 13:30:22 INFO  es[][o.e.p.PluginsService] loaded module [aggregations]
2025.10.15 13:30:29 INFO  es[][o.e.e.NodeEnvironment] using [1] data paths, mounts [[/opt/sonarqube/data (/run/host_mark/Users)]], net usable_space [61.5gb], net total_space [465.6gb], types [fakeowner]
2025.10.15 13:30:29 INFO  es[][o.e.e.NodeEnvironment] heap size [512mb], compressed ordinary object pointers [true]
2025.10.15 13:30:29 INFO  es[][o.e.n.Node] node name [sonarqube], node ID [w87ZNqJLQnCw5pt60Iseqg], cluster name [sonarqube], roles [remote_cluster_client, master, data_warm, data_content, transform, data_hot, ml, data_frozen, ingest, data_cold, data]
2025.10.15 13:30:32 INFO  es[][o.e.x.s.Security] Security is disabled
2025.10.15 13:30:32 INFO  es[][o.e.t.n.NettyAllocator] creating NettyAllocator with the following configs: [name=unpooled, suggested_max_allocation_size=1mb, factors={es.unsafe.use_unpooled_allocator=null, g1gc_enabled=true, g1gc_region_size=4mb, heap_size=512mb}]
2025.10.15 13:30:32 INFO  es[][o.e.i.r.RecoverySettings] using rate limit [40mb] with [default=40mb, read=0b, write=0b, max=0b]
2025.10.15 13:30:32 INFO  es[][o.e.d.DiscoveryModule] using discovery type [single-node] and seed hosts providers [settings]
2025.10.15 13:30:34 INFO  es[][o.e.n.Node] initialized
2025.10.15 13:30:34 INFO  es[][o.e.n.Node] starting ...
2025.10.15 13:30:34 INFO  es[][o.e.t.TransportService] publish_address {127.0.0.1:40023}, bound_addresses {127.0.0.1:40023}
2025.10.15 13:30:34 INFO  es[][o.e.c.c.ClusterBootstrapService] this node has not joined a bootstrapped cluster yet; [cluster.initial_master_nodes] is set to [sonarqube]
2025.10.15 13:30:34 INFO  es[][o.e.c.c.Coordinator] setting initial configuration to VotingConfiguration{w87ZNqJLQnCw5pt60Iseqg}
2025.10.15 13:30:35 INFO  es[][o.e.c.s.MasterService] elected-as-master ([1] nodes joined in term 1)[_FINISH_ELECTION_, {sonarqube}{w87ZNqJLQnCw5pt60Iseqg}{Mv_f-3R_TkqdbP6zMHpQ1A}{sonarqube}{127.0.0.1}{127.0.0.1:40023}{cdfhilmrstw}{8.11.0}{7000099-8500003} completing election], term: 1, version: 1, delta: master node changed {previous [], current [{sonarqube}{w87ZNqJLQnCw5pt60Iseqg}{Mv_f-3R_TkqdbP6zMHpQ1A}{sonarqube}{127.0.0.1}{127.0.0.1:40023}{cdfhilmrstw}{8.11.0}{7000099-8500003}]}
2025.10.15 13:30:35 INFO  es[][o.e.c.c.CoordinationState] cluster UUID set to [rf9SHF_mSoWVNFKfhXBUCQ]
2025.10.15 13:30:35 INFO  es[][o.e.c.s.ClusterApplierService] master node changed {previous [], current [{sonarqube}{w87ZNqJLQnCw5pt60Iseqg}{Mv_f-3R_TkqdbP6zMHpQ1A}{sonarqube}{127.0.0.1}{127.0.0.1:40023}{cdfhilmrstw}{8.11.0}{7000099-8500003}]}, term: 1, version: 1, reason: Publication{term=1, version=1}
2025.10.15 13:30:35 INFO  es[][o.e.c.f.AbstractFileWatchingService] starting file watcher ...
2025.10.15 13:30:35 INFO  es[][o.e.c.f.AbstractFileWatchingService] file settings service up and running [tid=33]
2025.10.15 13:30:35 INFO  es[][o.e.h.AbstractHttpServerTransport] publish_address {127.0.0.1:9001}, bound_addresses {127.0.0.1:9001}
2025.10.15 13:30:35 INFO  es[][o.e.n.Node] started {sonarqube}{w87ZNqJLQnCw5pt60Iseqg}{Mv_f-3R_TkqdbP6zMHpQ1A}{sonarqube}{127.0.0.1}{127.0.0.1:40023}{cdfhilmrstw}{8.11.0}{7000099-8500003}{rack_id=sonarqube, xpack.installed=true}
2025.10.15 13:30:35 INFO  es[][o.e.c.c.NodeJoinExecutor] node-join: [{sonarqube}{w87ZNqJLQnCw5pt60Iseqg}{Mv_f-3R_TkqdbP6zMHpQ1A}{sonarqube}{127.0.0.1}{127.0.0.1:40023}{cdfhilmrstw}{8.11.0}{7000099-8500003}] with reason [completing election]
2025.10.15 13:30:35 INFO  es[][o.e.g.GatewayService] recovered [0] indices into cluster_state
2025.10.15 13:30:35 INFO  es[][o.e.c.r.a.DiskThresholdMonitor] low disk watermark [85%] exceeded on [w87ZNqJLQnCw5pt60Iseqg][sonarqube][/opt/sonarqube/data/es8] free: 61.5gb[13.2%], replicas will not be assigned to this node
2025.10.15 13:30:35 INFO  es[][o.e.h.n.s.HealthNodeTaskExecutor] Node [{sonarqube}{w87ZNqJLQnCw5pt60Iseqg}] is selected as the current health node.
2025.10.15 13:30:36 INFO  es[][o.e.n.Node] stopping ...
2025.10.15 13:30:36 INFO  es[][o.e.c.f.AbstractFileWatchingService] shutting down watcher thread
2025.10.15 13:30:36 INFO  es[][o.e.c.f.AbstractFileWatchingService] watcher service stopped
2025.10.15 13:30:36 INFO  es[][o.e.n.Node] stopped
2025.10.15 13:30:36 INFO  es[][o.e.n.Node] closing ...
2025.10.15 13:30:36 ERROR es[][o.e.l.StartupSelfGeneratedLicenseTask] unexpected failure during [maybe generate license for cluster]
org.elasticsearch.cluster.coordination.FailedToCommitClusterStateException: node closed
	at org.elasticsearch.cluster.service.MasterService.forkQueueProcessor(MasterService.java:1292) ~[elasticsearch-8.11.0.jar:?]
	at org.elasticsearch.cluster.service.MasterService$5.onCompletion(MasterService.java:1256) ~[elasticsearch-8.11.0.jar:?]
	at org.elasticsearch.cluster.service.MasterService$5$1.onResponse(MasterService.java:1219) ~[elasticsearch-8.11.0.jar:?]
	at org.elasticsearch.cluster.service.MasterService$5$1.onResponse(MasterService.java:1216) ~[elasticsearch-8.11.0.jar:?]
	at org.elasticsearch.action.ActionListenerImplementations$RunBeforeActionListener.onResponse(ActionListenerImplementations.java:298) ~[elasticsearch-8.11.0.jar:?]
	at org.elasticsearch.action.ActionListenerImplementations$RunAfterActionListener.onResponse(ActionListenerImplementations.java:260) ~[elasticsearch-8.11.0.jar:?]
	at org.elasticsearch.action.ActionListenerImplementations$DelegatingResponseActionListener.onResponse(ActionListenerImplementations.java:182) ~[elasticsearch-8.11.0.jar:?]
	at org.elasticsearch.cluster.service.MasterService$2.onResponse(MasterService.java:284) ~[elasticsearch-8.11.0.jar:?]
	at org.elasticsearch.cluster.service.MasterService$2.onResponse(MasterService.java:281) ~[elasticsearch-8.11.0.jar:?]
	at org.elasticsearch.cluster.service.MasterService$3.run(MasterService.java:451) ~[elasticsearch-8.11.0.jar:?]
	at org.elasticsearch.action.ActionListenerImplementations$RunAfterActionListener.onFailure(ActionListenerImplementations.java:271) ~[elasticsearch-8.11.0.jar:?]
	at org.elasticsearch.action.ActionListenerImplementations.safeAcceptException(ActionListenerImplementations.java:62) ~[elasticsearch-8.11.0.jar:?]
	at org.elasticsearch.action.ActionListenerImplementations.safeOnFailure(ActionListenerImplementations.java:73) ~[elasticsearch-8.11.0.jar:?]
	at org.elasticsearch.action.DelegatingActionListener.onFailure(DelegatingActionListener.java:27) ~[elasticsearch-8.11.0.jar:?]
	at org.elasticsearch.action.support.ContextPreservingActionListener.onFailure(ContextPreservingActionListener.java:39) ~[elasticsearch-8.11.0.jar:?]
	at org.elasticsearch.action.support.ThreadedActionListener$2.onRejection(ThreadedActionListener.java:77) ~[elasticsearch-8.11.0.jar:?]
	at org.elasticsearch.common.util.concurrent.ThreadContext$ContextPreservingAbstractRunnable.onRejection(ThreadContext.java:971) ~[elasticsearch-8.11.0.jar:?]
	at org.elasticsearch.common.util.concurrent.EsThreadPoolExecutor.execute(EsThreadPoolExecutor.java:82) ~[elasticsearch-8.11.0.jar:?]
	at org.elasticsearch.action.support.ThreadedActionListener.onFailure(ThreadedActionListener.java:62) ~[elasticsearch-8.11.0.jar:?]
	at org.elasticsearch.cluster.coordination.Coordinator$CoordinatorPublication$4.onFailure(Coordinator.java:2051) ~[elasticsearch-8.11.0.jar:?]
	at org.elasticsearch.action.support.SubscribableListener$FailureResult.complete(SubscribableListener.java:322) ~[elasticsearch-8.11.0.jar:?]
	at org.elasticsearch.action.support.SubscribableListener.tryComplete(SubscribableListener.java:234) ~[elasticsearch-8.11.0.jar:?]
	at org.elasticsearch.action.support.SubscribableListener.addListener(SubscribableListener.java:133) ~[elasticsearch-8.11.0.jar:?]
	at org.elasticsearch.cluster.coordination.Coordinator$CoordinatorPublication.onCompletion(Coordinator.java:1948) ~[elasticsearch-8.11.0.jar:?]
	at org.elasticsearch.cluster.coordination.Publication.onPossibleCompletion(Publication.java:119) ~[elasticsearch-8.11.0.jar:?]
	at org.elasticsearch.cluster.coordination.Publication$PublicationTarget$ApplyCommitResponseHandler.onFailure(Publication.java:427) ~[elasticsearch-8.11.0.jar:?]
	at org.elasticsearch.cluster.coordination.Coordinator$8.onFailure(Coordinator.java:1643) ~[elasticsearch-8.11.0.jar:?]
	at org.elasticsearch.transport.TransportResponseHandler$1.handleException(TransportResponseHandler.java:64) ~[elasticsearch-8.11.0.jar:?]
	at org.elasticsearch.transport.TransportService$ContextRestoreResponseHandler.handleException(TransportService.java:1421) ~[elasticsearch-8.11.0.jar:?]
	at org.elasticsearch.transport.TransportService$5.doRun(TransportService.java:988) ~[elasticsearch-8.11.0.jar:?]
	at org.elasticsearch.common.util.concurrent.AbstractRunnable.run(AbstractRunnable.java:26) ~[elasticsearch-8.11.0.jar:?]
	at org.elasticsearch.common.util.concurrent.EsExecutors$DirectExecutorService.execute(EsExecutors.java:238) ~[elasticsearch-8.11.0.jar:?]
	at org.elasticsearch.transport.TransportService.handleInternalSendException(TransportService.java:974) ~[elasticsearch-8.11.0.jar:?]
	at org.elasticsearch.transport.TransportService.sendRequestInternal(TransportService.java:938) ~[elasticsearch-8.11.0.jar:?]
	at org.elasticsearch.transport.TransportService.sendRequest(TransportService.java:842) ~[elasticsearch-8.11.0.jar:?]
	at org.elasticsearch.transport.TransportService.sendRequest(TransportService.java:752) ~[elasticsearch-8.11.0.jar:?]
	at org.elasticsearch.cluster.coordination.Coordinator$CoordinatorPublication.sendApplyCommit(Coordinator.java:2155) ~[elasticsearch-8.11.0.jar:?]
	at org.elasticsearch.cluster.coordination.Publication$PublicationTarget$1.onResponse(Publication.java:291) ~[elasticsearch-8.11.0.jar:?]
	at org.elasticsearch.cluster.coordination.Publication$PublicationTarget$1.onResponse(Publication.java:288) ~[elasticsearch-8.11.0.jar:?]
	at org.elasticsearch.cluster.coordination.Coordinator$8.onResponse(Coordinator.java:1636) ~[elasticsearch-8.11.0.jar:?]
	at org.elasticsearch.action.support.SubscribableListener$SuccessResult.complete(SubscribableListener.java:310) ~[elasticsearch-8.11.0.jar:?]
	at org.elasticsearch.action.support.SubscribableListener.tryComplete(SubscribableListener.java:230) ~[elasticsearch-8.11.0.jar:?]
	at org.elasticsearch.action.support.SubscribableListener.addListener(SubscribableListener.java:133) ~[elasticsearch-8.11.0.jar:?]
	at org.elasticsearch.action.support.SubscribableListener.addListener(SubscribableListener.java:108) ~[elasticsearch-8.11.0.jar:?]
	at org.elasticsearch.cluster.coordination.Publication$PublicationTarget.sendApplyCommit(Publication.java:288) ~[elasticsearch-8.11.0.jar:?]
	at java.util.stream.ForEachOps$ForEachOp$OfRef.accept(Unknown Source) ~[?:?]
	at java.util.stream.ReferencePipeline$2$1.accept(Unknown Source) ~[?:?]
	at java.util.ArrayList$ArrayListSpliterator.forEachRemaining(Unknown Source) ~[?:?]
	at java.util.stream.AbstractPipeline.copyInto(Unknown Source) ~[?:?]
	at java.util.stream.AbstractPipeline.wrapAndCopyInto(Unknown Source) ~[?:?]
	at java.util.stream.ForEachOps$ForEachOp.evaluateSequential(Unknown Source) ~[?:?]
	at java.util.stream.ForEachOps$ForEachOp$OfRef.evaluateSequential(Unknown Source) ~[?:?]
	at java.util.stream.AbstractPipeline.evaluate(Unknown Source) ~[?:?]
	at java.util.stream.ReferencePipeline.forEach(Unknown Source) ~[?:?]
	at org.elasticsearch.cluster.coordination.Publication$PublicationTarget.lambda$handlePublishResponse$0(Publication.java:275) ~[elasticsearch-8.11.0.jar:?]
	at java.util.Optional.ifPresent(Unknown Source) ~[?:?]
	at org.elasticsearch.cluster.coordination.Publication$PublicationTarget.handlePublishResponse(Publication.java:269) ~[elasticsearch-8.11.0.jar:?]
	at org.elasticsearch.cluster.coordination.Publication$PublicationTarget$PublishResponseHandler.onResponse(Publication.java:380) ~[elasticsearch-8.11.0.jar:?]
	at org.elasticsearch.cluster.coordination.Publication$PublicationTarget$PublishResponseHandler.onResponse(Publication.java:357) ~[elasticsearch-8.11.0.jar:?]
	at org.elasticsearch.cluster.coordination.Coordinator$8.onResponse(Coordinator.java:1636) ~[elasticsearch-8.11.0.jar:?]
	at org.elasticsearch.action.ActionRunnable$2.accept(ActionRunnable.java:51) ~[elasticsearch-8.11.0.jar:?]
	at org.elasticsearch.action.ActionRunnable$2.accept(ActionRunnable.java:48) ~[elasticsearch-8.11.0.jar:?]
	at org.elasticsearch.action.ActionRunnable$3.doRun(ActionRunnable.java:73) ~[elasticsearch-8.11.0.jar:?]
	at org.elasticsearch.common.util.concurrent.ThreadContext$ContextPreservingAbstractRunnable.doRun(ThreadContext.java:983) ~[elasticsearch-8.11.0.jar:?]
	at org.elasticsearch.common.util.concurrent.AbstractRunnable.run(AbstractRunnable.java:26) ~[elasticsearch-8.11.0.jar:?]
	at java.util.concurrent.ThreadPoolExecutor.runWorker(Unknown Source) ~[?:?]
	at java.util.concurrent.ThreadPoolExecutor$Worker.run(Unknown Source) ~[?:?]
	at java.lang.Thread.run(Unknown Source) ~[?:?]
Caused by: org.elasticsearch.common.util.concurrent.EsRejectedExecutionException: master service is in state [CLOSED]
	at org.elasticsearch.cluster.service.MasterService.getRejectionException(MasterService.java:1306) ~[elasticsearch-8.11.0.jar:?]
	... 68 more
2025.10.15 13:30:36 ERROR es[][o.e.l.StartupSelfGeneratedLicenseTask] unexpected failure during [maybe generate license for cluster]
org.elasticsearch.cluster.coordination.FailedToCommitClusterStateException: node closed
	at org.elasticsearch.cluster.service.MasterService.forkQueueProcessor(MasterService.java:1292) ~[elasticsearch-8.11.0.jar:?]
	at org.elasticsearch.cluster.service.MasterService$5.onCompletion(MasterService.java:1256) ~[elasticsearch-8.11.0.jar:?]
	at org.elasticsearch.cluster.service.MasterService$5$1.onResponse(MasterService.java:1219) ~[elasticsearch-8.11.0.jar:?]
	at org.elasticsearch.cluster.service.MasterService$5$1.onResponse(MasterService.java:1216) ~[elasticsearch-8.11.0.jar:?]
	at org.elasticsearch.action.ActionListenerImplementations$RunBeforeActionListener.onResponse(ActionListenerImplementations.java:298) ~[elasticsearch-8.11.0.jar:?]
	at org.elasticsearch.action.ActionListenerImplementations$RunAfterActionListener.onResponse(ActionListenerImplementations.java:260) ~[elasticsearch-8.11.0.jar:?]
	at org.elasticsearch.action.ActionListenerImplementations$DelegatingResponseActionListener.onResponse(ActionListenerImplementations.java:182) ~[elasticsearch-8.11.0.jar:?]
	at org.elasticsearch.cluster.service.MasterService$2.onResponse(MasterService.java:284) ~[elasticsearch-8.11.0.jar:?]
	at org.elasticsearch.cluster.service.MasterService$2.onResponse(MasterService.java:281) ~[elasticsearch-8.11.0.jar:?]
	at org.elasticsearch.cluster.service.MasterService$3.run(MasterService.java:451) ~[elasticsearch-8.11.0.jar:?]
	at org.elasticsearch.action.ActionListenerImplementations$RunAfterActionListener.onFailure(ActionListenerImplementations.java:271) ~[elasticsearch-8.11.0.jar:?]
	at org.elasticsearch.action.ActionListenerImplementations.safeAcceptException(ActionListenerImplementations.java:62) ~[elasticsearch-8.11.0.jar:?]
	at org.elasticsearch.action.ActionListenerImplementations.safeOnFailure(ActionListenerImplementations.java:73) ~[elasticsearch-8.11.0.jar:?]
	at org.elasticsearch.action.DelegatingActionListener.onFailure(DelegatingActionListener.java:27) ~[elasticsearch-8.11.0.jar:?]
	at org.elasticsearch.action.support.ContextPreservingActionListener.onFailure(ContextPreservingActionListener.java:39) ~[elasticsearch-8.11.0.jar:?]
	at org.elasticsearch.action.support.ThreadedActionListener$2.onRejection(ThreadedActionListener.java:77) ~[elasticsearch-8.11.0.jar:?]
	at org.elasticsearch.common.util.concurrent.ThreadContext$ContextPreservingAbstractRunnable.onRejection(ThreadContext.java:971) ~[elasticsearch-8.11.0.jar:?]
	at org.elasticsearch.common.util.concurrent.EsThreadPoolExecutor.execute(EsThreadPoolExecutor.java:82) ~[elasticsearch-8.11.0.jar:?]
	at org.elasticsearch.action.support.ThreadedActionListener.onFailure(ThreadedActionListener.java:62) ~[elasticsearch-8.11.0.jar:?]
	at org.elasticsearch.cluster.coordination.Coordinator$CoordinatorPublication$4.onFailure(Coordinator.java:2051) ~[elasticsearch-8.11.0.jar:?]
	at org.elasticsearch.action.support.SubscribableListener$FailureResult.complete(SubscribableListener.java:322) ~[elasticsearch-8.11.0.jar:?]
	at org.elasticsearch.action.support.SubscribableListener.tryComplete(SubscribableListener.java:234) ~[elasticsearch-8.11.0.jar:?]
	at org.elasticsearch.action.support.SubscribableListener.addListener(SubscribableListener.java:133) ~[elasticsearch-8.11.0.jar:?]
	at org.elasticsearch.cluster.coordination.Coordinator$CoordinatorPublication.onCompletion(Coordinator.java:1948) ~[elasticsearch-8.11.0.jar:?]
	at org.elasticsearch.cluster.coordination.Publication.onPossibleCompletion(Publication.java:119) ~[elasticsearch-8.11.0.jar:?]
	at org.elasticsearch.cluster.coordination.Publication$PublicationTarget$ApplyCommitResponseHandler.onFailure(Publication.java:427) ~[elasticsearch-8.11.0.jar:?]
	at org.elasticsearch.cluster.coordination.Coordinator$8.onFailure(Coordinator.java:1643) ~[elasticsearch-8.11.0.jar:?]
	at org.elasticsearch.transport.TransportResponseHandler$1.handleException(TransportResponseHandler.java:64) ~[elasticsearch-8.11.0.jar:?]
	at org.elasticsearch.transport.TransportService$ContextRestoreResponseHandler.handleException(TransportService.java:1421) ~[elasticsearch-8.11.0.jar:?]
	at org.elasticsearch.transport.TransportService$5.doRun(TransportService.java:988) ~[elasticsearch-8.11.0.jar:?]
	at org.elasticsearch.common.util.concurrent.AbstractRunnable.run(AbstractRunnable.java:26) ~[elasticsearch-8.11.0.jar:?]
	at org.elasticsearch.common.util.concurrent.EsExecutors$DirectExecutorService.execute(EsExecutors.java:238) ~[elasticsearch-8.11.0.jar:?]
	at org.elasticsearch.transport.TransportService.handleInternalSendException(TransportService.java:974) ~[elasticsearch-8.11.0.jar:?]
	at org.elasticsearch.transport.TransportService.sendRequestInternal(TransportService.java:938) ~[elasticsearch-8.11.0.jar:?]
	at org.elasticsearch.transport.TransportService.sendRequest(TransportService.java:842) ~[elasticsearch-8.11.0.jar:?]
	at org.elasticsearch.transport.TransportService.sendRequest(TransportService.java:752) ~[elasticsearch-8.11.0.jar:?]
	at org.elasticsearch.cluster.coordination.Coordinator$CoordinatorPublication.sendApplyCommit(Coordinator.java:2155) ~[elasticsearch-8.11.0.jar:?]
	at org.elasticsearch.cluster.coordination.Publication$PublicationTarget$1.onResponse(Publication.java:291) ~[elasticsearch-8.11.0.jar:?]
	at org.elasticsearch.cluster.coordination.Publication$PublicationTarget$1.onResponse(Publication.java:288) ~[elasticsearch-8.11.0.jar:?]
	at org.elasticsearch.cluster.coordination.Coordinator$8.onResponse(Coordinator.java:1636) ~[elasticsearch-8.11.0.jar:?]
	at org.elasticsearch.action.support.SubscribableListener$SuccessResult.complete(SubscribableListener.java:310) ~[elasticsearch-8.11.0.jar:?]
	at org.elasticsearch.action.support.SubscribableListener.tryComplete(SubscribableListener.java:230) ~[elasticsearch-8.11.0.jar:?]
	at org.elasticsearch.action.support.SubscribableListener.addListener(SubscribableListener.java:133) ~[elasticsearch-8.11.0.jar:?]
	at org.elasticsearch.action.support.SubscribableListener.addListener(SubscribableListener.java:108) ~[elasticsearch-8.11.0.jar:?]
	at org.elasticsearch.cluster.coordination.Publication$PublicationTarget.sendApplyCommit(Publication.java:288) ~[elasticsearch-8.11.0.jar:?]
	at java.util.stream.ForEachOps$ForEachOp$OfRef.accept(Unknown Source) ~[?:?]
	at java.util.stream.ReferencePipeline$2$1.accept(Unknown Source) ~[?:?]
	at java.util.ArrayList$ArrayListSpliterator.forEachRemaining(Unknown Source) ~[?:?]
	at java.util.stream.AbstractPipeline.copyInto(Unknown Source) ~[?:?]
	at java.util.stream.AbstractPipeline.wrapAndCopyInto(Unknown Source) ~[?:?]
	at java.util.stream.ForEachOps$ForEachOp.evaluateSequential(Unknown Source) ~[?:?]
	at java.util.stream.ForEachOps$ForEachOp$OfRef.evaluateSequential(Unknown Source) ~[?:?]
	at java.util.stream.AbstractPipeline.evaluate(Unknown Source) ~[?:?]
	at java.util.stream.ReferencePipeline.forEach(Unknown Source) ~[?:?]
	at org.elasticsearch.cluster.coordination.Publication$PublicationTarget.lambda$handlePublishResponse$0(Publication.java:275) ~[elasticsearch-8.11.0.jar:?]
	at java.util.Optional.ifPresent(Unknown Source) ~[?:?]
	at org.elasticsearch.cluster.coordination.Publication$PublicationTarget.handlePublishResponse(Publication.java:269) ~[elasticsearch-8.11.0.jar:?]
	at org.elasticsearch.cluster.coordination.Publication$PublicationTarget$PublishResponseHandler.onResponse(Publication.java:380) ~[elasticsearch-8.11.0.jar:?]
	at org.elasticsearch.cluster.coordination.Publication$PublicationTarget$PublishResponseHandler.onResponse(Publication.java:357) ~[elasticsearch-8.11.0.jar:?]
	at org.elasticsearch.cluster.coordination.Coordinator$8.onResponse(Coordinator.java:1636) ~[elasticsearch-8.11.0.jar:?]
	at org.elasticsearch.action.ActionRunnable$2.accept(ActionRunnable.java:51) ~[elasticsearch-8.11.0.jar:?]
	at org.elasticsearch.action.ActionRunnable$2.accept(ActionRunnable.java:48) ~[elasticsearch-8.11.0.jar:?]
	at org.elasticsearch.action.ActionRunnable$3.doRun(ActionRunnable.java:73) ~[elasticsearch-8.11.0.jar:?]
	at org.elasticsearch.common.util.concurrent.ThreadContext$ContextPreservingAbstractRunnable.doRun(ThreadContext.java:983) ~[elasticsearch-8.11.0.jar:?]
	at org.elasticsearch.common.util.concurrent.AbstractRunnable.run(AbstractRunnable.java:26) ~[elasticsearch-8.11.0.jar:?]
	at java.util.concurrent.ThreadPoolExecutor.runWorker(Unknown Source) ~[?:?]
	at java.util.concurrent.ThreadPoolExecutor$Worker.run(Unknown Source) ~[?:?]
	at java.lang.Thread.run(Unknown Source) ~[?:?]
Caused by: org.elasticsearch.common.util.concurrent.EsRejectedExecutionException: master service is in state [CLOSED]
	at org.elasticsearch.cluster.service.MasterService.getRejectionException(MasterService.java:1306) ~[elasticsearch-8.11.0.jar:?]
	... 68 more
2025.10.15 13:30:36 INFO  es[][o.e.n.Node] closed
2025.10.15 14:07:26 INFO  es[][o.e.n.Node] version[8.11.0], pid[132], build[tar/d9ec3fa628c7b0ba3d25692e277ba26814820b20/2023-11-04T10:04:57.184859352Z], OS[Linux/6.10.14-linuxkit/amd64], JVM[Eclipse Adoptium/OpenJDK 64-Bit Server VM/17.0.10/17.0.10+7]
2025.10.15 14:07:26 INFO  es[][o.e.n.Node] JVM home [/opt/java/openjdk], using bundled JDK [false]
2025.10.15 14:07:26 INFO  es[][o.e.n.Node] JVM arguments [-Des.networkaddress.cache.ttl=60, -Des.networkaddress.cache.negative.ttl=10, -Djava.security.manager=allow, -XX:+AlwaysPreTouch, -Xss1m, -Djava.awt.headless=true, -Dfile.encoding=UTF-8, -Djna.nosys=true, -XX:-OmitStackTraceInFastThrow, -Dio.netty.noUnsafe=true, -Dio.netty.noKeySetOptimization=true, -Dio.netty.recycler.maxCapacityPerThread=0, -Dlog4j.shutdownHookEnabled=false, -Dlog4j2.disable.jmx=true, -Dlog4j2.formatMsgNoLookups=true, -Djava.locale.providers=SPI,COMPAT, --add-opens=java.base/java.io=org.elasticsearch.preallocate, -XX:+UseG1GC, -Djava.io.tmpdir=/opt/sonarqube/temp, -XX:ErrorFile=/opt/sonarqube/logs/es_hs_err_pid%p.log, -Xlog:disable, -Des.networkaddress.cache.ttl=60, -Des.networkaddress.cache.negative.ttl=10, -XX:+AlwaysPreTouch, -Xss1m, -Djava.awt.headless=true, -Dfile.encoding=UTF-8, -Djna.nosys=true, -Djna.tmpdir=/opt/sonarqube/temp, -XX:-OmitStackTraceInFastThrow, -Dio.netty.noUnsafe=true, -Dio.netty.noKeySetOptimization=true, -Dio.netty.recycler.maxCapacityPerThread=0, -Dio.netty.allocator.numDirectArenas=0, -Dlog4j.shutdownHookEnabled=false, -Dlog4j2.disable.jmx=true, -Dlog4j2.formatMsgNoLookups=true, -Djava.locale.providers=COMPAT, -Dcom.redhat.fips=false, -Xmx512m, -Xms512m, -XX:MaxDirectMemorySize=256m, -XX:+HeapDumpOnOutOfMemoryError, -XX:G1HeapRegionSize=4m, -XX:InitiatingHeapOccupancyPercent=30, -XX:G1ReservePercent=15, -Des.distribution.type=tar, --module-path=/opt/sonarqube/elasticsearch/lib, --add-modules=jdk.net, --add-modules=ALL-MODULE-PATH, -Djdk.module.main=org.elasticsearch.server]
2025.10.15 14:07:32 INFO  es[][o.e.p.PluginsService] loaded module [lang-painless]
2025.10.15 14:07:32 INFO  es[][o.e.p.PluginsService] loaded module [parent-join]
2025.10.15 14:07:32 INFO  es[][o.e.p.PluginsService] loaded module [x-pack-core]
2025.10.15 14:07:32 INFO  es[][o.e.p.PluginsService] loaded module [old-lucene-versions]
2025.10.15 14:07:32 INFO  es[][o.e.p.PluginsService] loaded module [rest-root]
2025.10.15 14:07:32 INFO  es[][o.e.p.PluginsService] loaded module [x-pack-redact]
2025.10.15 14:07:32 INFO  es[][o.e.p.PluginsService] loaded module [reindex]
2025.10.15 14:07:32 INFO  es[][o.e.p.PluginsService] loaded module [analysis-common]
2025.10.15 14:07:32 INFO  es[][o.e.p.PluginsService] loaded module [x-pack-security]
2025.10.15 14:07:32 INFO  es[][o.e.p.PluginsService] loaded module [transport-netty4]
2025.10.15 14:07:32 INFO  es[][o.e.p.PluginsService] loaded module [apm]
2025.10.15 14:07:32 INFO  es[][o.e.p.PluginsService] loaded module [aggregations]
2025.10.15 14:07:43 INFO  es[][o.e.e.NodeEnvironment] using [1] data paths, mounts [[/opt/sonarqube/data (/run/host_mark/Users)]], net usable_space [61.5gb], net total_space [465.6gb], types [fakeowner]
2025.10.15 14:07:43 INFO  es[][o.e.e.NodeEnvironment] heap size [512mb], compressed ordinary object pointers [true]
2025.10.15 14:07:44 INFO  es[][o.e.n.Node] node name [sonarqube], node ID [w87ZNqJLQnCw5pt60Iseqg], cluster name [sonarqube], roles [ingest, data_frozen, ml, data_hot, transform, data_content, data_warm, master, remote_cluster_client, data, data_cold]
2025.10.15 14:07:46 INFO  es[][o.e.x.s.Security] Security is disabled
2025.10.15 14:07:47 INFO  es[][o.e.t.n.NettyAllocator] creating NettyAllocator with the following configs: [name=unpooled, suggested_max_allocation_size=1mb, factors={es.unsafe.use_unpooled_allocator=null, g1gc_enabled=true, g1gc_region_size=4mb, heap_size=512mb}]
2025.10.15 14:07:47 INFO  es[][o.e.i.r.RecoverySettings] using rate limit [40mb] with [default=40mb, read=0b, write=0b, max=0b]
2025.10.15 14:07:48 INFO  es[][o.e.d.DiscoveryModule] using discovery type [single-node] and seed hosts providers [settings]
2025.10.15 14:07:49 INFO  es[][o.e.n.Node] initialized
2025.10.15 14:07:49 INFO  es[][o.e.n.Node] starting ...
2025.10.15 14:07:49 INFO  es[][o.e.t.TransportService] publish_address {127.0.0.1:33431}, bound_addresses {127.0.0.1:33431}
2025.10.15 14:07:50 INFO  es[][o.e.c.c.ClusterBootstrapService] this node is locked into cluster UUID [rf9SHF_mSoWVNFKfhXBUCQ] and will not attempt further cluster bootstrapping
2025.10.15 14:07:50 INFO  es[][o.e.c.s.MasterService] elected-as-master ([1] nodes joined in term 2)[_FINISH_ELECTION_, {sonarqube}{w87ZNqJLQnCw5pt60Iseqg}{uLExnO7yQDuNfnmojN5dTw}{sonarqube}{127.0.0.1}{127.0.0.1:33431}{cdfhilmrstw}{8.11.0}{7000099-8500003} completing election], term: 2, version: 6, delta: master node changed {previous [], current [{sonarqube}{w87ZNqJLQnCw5pt60Iseqg}{uLExnO7yQDuNfnmojN5dTw}{sonarqube}{127.0.0.1}{127.0.0.1:33431}{cdfhilmrstw}{8.11.0}{7000099-8500003}]}
2025.10.15 14:07:50 INFO  es[][o.e.c.s.ClusterApplierService] master node changed {previous [], current [{sonarqube}{w87ZNqJLQnCw5pt60Iseqg}{uLExnO7yQDuNfnmojN5dTw}{sonarqube}{127.0.0.1}{127.0.0.1:33431}{cdfhilmrstw}{8.11.0}{7000099-8500003}]}, term: 2, version: 6, reason: Publication{term=2, version=6}
2025.10.15 14:07:50 INFO  es[][o.e.c.f.AbstractFileWatchingService] starting file watcher ...
2025.10.15 14:07:50 INFO  es[][o.e.c.f.AbstractFileWatchingService] file settings service up and running [tid=34]
2025.10.15 14:07:50 INFO  es[][o.e.c.c.NodeJoinExecutor] node-join: [{sonarqube}{w87ZNqJLQnCw5pt60Iseqg}{uLExnO7yQDuNfnmojN5dTw}{sonarqube}{127.0.0.1}{127.0.0.1:33431}{cdfhilmrstw}{8.11.0}{7000099-8500003}] with reason [completing election]
2025.10.15 14:07:50 INFO  es[][o.e.h.AbstractHttpServerTransport] publish_address {127.0.0.1:9001}, bound_addresses {127.0.0.1:9001}
2025.10.15 14:07:50 INFO  es[][o.e.n.Node] started {sonarqube}{w87ZNqJLQnCw5pt60Iseqg}{uLExnO7yQDuNfnmojN5dTw}{sonarqube}{127.0.0.1}{127.0.0.1:33431}{cdfhilmrstw}{8.11.0}{7000099-8500003}{rack_id=sonarqube, xpack.installed=true}
2025.10.15 14:07:50 INFO  es[][o.e.c.r.a.DiskThresholdMonitor] low disk watermark [85%] exceeded on [w87ZNqJLQnCw5pt60Iseqg][sonarqube][/opt/sonarqube/data/es8] free: 61.5gb[13.2%], replicas will not be assigned to this node
2025.10.15 14:07:51 INFO  es[][o.e.l.ClusterStateLicenseService] license [891db697-f433-448b-b937-8f39a6194617] mode [basic] - valid
2025.10.15 14:07:51 INFO  es[][o.e.g.GatewayService] recovered [0] indices into cluster_state
2025.10.15 14:07:51 INFO  es[][o.e.h.n.s.HealthNodeTaskExecutor] Node [{sonarqube}{w87ZNqJLQnCw5pt60Iseqg}] is selected as the current health node.
2025.10.15 14:07:56 INFO  es[][o.e.n.Node] stopping ...
2025.10.15 14:07:56 INFO  es[][o.e.c.f.AbstractFileWatchingService] shutting down watcher thread
2025.10.15 14:07:56 INFO  es[][o.e.c.f.AbstractFileWatchingService] watcher service stopped
2025.10.15 14:07:56 INFO  es[][o.e.n.Node] stopped
2025.10.15 14:07:56 INFO  es[][o.e.n.Node] closing ...
2025.10.15 14:07:57 INFO  es[][o.e.n.Node] closed
