2025.10.15 13:30:10 INFO  app[][o.s.a.AppFileSystem] Cleaning or creating temp directory /opt/sonarqube/temp
2025.10.15 13:30:10 INFO  app[][o.s.a.es.EsSettings] Elasticsearch listening on [HTTP: 127.0.0.1:9001, TCP: 127.0.0.1:40023]
2025.10.15 13:30:10 INFO  app[][o.s.a.ProcessLauncherImpl] Launch process[ELASTICSEARCH] from [/opt/sonarqube/elasticsearch]: /opt/java/openjdk/bin/java -Xms4m -Xmx64m -XX:+UseSerialGC -Dcli.name=server -Dcli.script=./bin/elasticsearch -Dcli.libs=lib/tools/server-cli -Des.path.home=/opt/sonarqube/elasticsearch -Des.path.conf=/opt/sonarqube/temp/conf/es -Des.distribution.type=tar -cp /opt/sonarqube/elasticsearch/lib/*:/opt/sonarqube/elasticsearch/lib/cli-launcher/* org.elasticsearch.launcher.CliToolLauncher
2025.10.15 13:30:10 INFO  app[][o.s.a.SchedulerImpl] Waiting for Elasticsearch to be up and running
2025.10.15 13:30:36 INFO  app[][o.s.a.SchedulerImpl] Process[es] is up
2025.10.15 13:30:36 INFO  app[][o.s.a.ProcessLauncherImpl] Launch process[WEB_SERVER] from [/opt/sonarqube]: /opt/java/openjdk/bin/java -Djava.awt.headless=true -Dfile.encoding=UTF-8 -Djava.io.tmpdir=/opt/sonarqube/temp -XX:-OmitStackTraceInFastThrow --add-opens=java.base/java.util=ALL-UNNAMED --add-opens=java.base/java.lang=ALL-UNNAMED --add-opens=java.base/java.io=ALL-UNNAMED --add-opens=java.rmi/sun.rmi.transport=ALL-UNNAMED --add-exports=java.base/jdk.internal.ref=ALL-UNNAMED --add-opens=java.base/java.nio=ALL-UNNAMED --add-opens=java.base/sun.nio.ch=ALL-UNNAMED --add-opens=java.management/sun.management=ALL-UNNAMED --add-opens=jdk.management/com.sun.management.internal=ALL-UNNAMED -Dcom.redhat.fips=false -Xmx512m -Xms128m -XX:+HeapDumpOnOutOfMemoryError -Xmx1g -XX:+UseConcMarkSweepGC -XX:+CMSClassUnloadingEnabled -XX:+UseParNewGC -XX:+CMSIncrementalMode -Dhttp.nonProxyHosts=localhost|127.*|[::1] -cp ./lib/sonar-application-10.3.0.82913.jar:/opt/sonarqube/lib/jdbc/h2/h2-2.2.222.jar org.sonar.server.app.WebServer /opt/sonarqube/temp/sq-process12835501040231029996properties
2025.10.15 13:30:36 WARN  app[][o.s.a.p.AbstractManagedProcess] Process exited with exit value [Web Server]: 1
2025.10.15 13:30:36 INFO  app[][o.s.a.SchedulerImpl] Process[Web Server] is stopped
2025.10.15 13:30:36 WARN  app[][o.s.a.p.AbstractManagedProcess] Process exited with exit value [ElasticSearch]: 143
2025.10.15 13:30:36 INFO  app[][o.s.a.SchedulerImpl] Process[ElasticSearch] is stopped
2025.10.15 13:30:36 INFO  app[][o.s.a.SchedulerImpl] SonarQube is stopped
2025.10.15 14:07:06 INFO  app[][o.s.a.AppFileSystem] Cleaning or creating temp directory /opt/sonarqube/temp
2025.10.15 14:07:06 INFO  app[][o.s.a.es.EsSettings] Elasticsearch listening on [HTTP: 127.0.0.1:9001, TCP: 127.0.0.1:33431]
2025.10.15 14:07:07 INFO  app[][o.s.a.ProcessLauncherImpl] Launch process[ELASTICSEARCH] from [/opt/sonarqube/elasticsearch]: /opt/java/openjdk/bin/java -Xms4m -Xmx64m -XX:+UseSerialGC -Dcli.name=server -Dcli.script=./bin/elasticsearch -Dcli.libs=lib/tools/server-cli -Des.path.home=/opt/sonarqube/elasticsearch -Des.path.conf=/opt/sonarqube/temp/conf/es -Des.distribution.type=tar -cp /opt/sonarqube/elasticsearch/lib/*:/opt/sonarqube/elasticsearch/lib/cli-launcher/* org.elasticsearch.launcher.CliToolLauncher
2025.10.15 14:07:07 INFO  app[][o.s.a.SchedulerImpl] Waiting for Elasticsearch to be up and running
2025.10.15 14:07:51 INFO  app[][o.s.a.SchedulerImpl] Process[es] is up
2025.10.15 14:07:51 INFO  app[][o.s.a.ProcessLauncherImpl] Launch process[WEB_SERVER] from [/opt/sonarqube]: /opt/java/openjdk/bin/java -Djava.awt.headless=true -Dfile.encoding=UTF-8 -Djava.io.tmpdir=/opt/sonarqube/temp -XX:-OmitStackTraceInFastThrow --add-opens=java.base/java.util=ALL-UNNAMED --add-opens=java.base/java.lang=ALL-UNNAMED --add-opens=java.base/java.io=ALL-UNNAMED --add-opens=java.rmi/sun.rmi.transport=ALL-UNNAMED --add-exports=java.base/jdk.internal.ref=ALL-UNNAMED --add-opens=java.base/java.nio=ALL-UNNAMED --add-opens=java.base/sun.nio.ch=ALL-UNNAMED --add-opens=java.management/sun.management=ALL-UNNAMED --add-opens=jdk.management/com.sun.management.internal=ALL-UNNAMED -Dcom.redhat.fips=false -Xmx512m -Xms128m -XX:+HeapDumpOnOutOfMemoryError -Xmx1g -XX:+UseG1GC -Dhttp.nonProxyHosts=localhost|127.*|[::1] -cp ./lib/sonar-application-10.3.0.82913.jar:/opt/sonarqube/lib/jdbc/h2/h2-2.2.222.jar org.sonar.server.app.WebServer /opt/sonarqube/temp/sq-process7061792828862312392properties
2025.10.15 14:07:56 INFO  app[][o.s.a.SchedulerImpl] Process[Web Server] is stopped
2025.10.15 14:07:57 WARN  app[][o.s.a.p.AbstractManagedProcess] Process exited with exit value [ElasticSearch]: 143
2025.10.15 14:07:57 INFO  app[][o.s.a.SchedulerImpl] Process[ElasticSearch] is stopped
2025.10.15 14:07:57 INFO  app[][o.s.a.SchedulerImpl] SonarQube is stopped
