2025.10.15 14:07:52 INFO  web[][o.s.p.ProcessEntryPoint] Starting Web Server
2025.10.15 14:07:53 INFO  web[][o.s.s.a.TomcatHttpConnectorFactory] Starting Tomcat on port 9000
2025.10.15 14:07:56 INFO  web[][o.s.s.p.LogServerVersion] SonarQube Server / 10.3.0.82913 / 6f8a6d03ea2dd721d4727be508574d541381d0a1
2025.10.15 14:07:56 WARN  web[][o.s.c.a.AnnotationConfigApplicationContext] Exception encountered during context initialization - cancelling refresh attempt: org.springframework.beans.factory.BeanCreationException: Error creating bean with name 'jdk.internal.loader.ClassLoaders$AppClassLoader@4b3ed2f0-org.sonar.server.platform.db.EmbeddedDatabaseFactory': Initialization of bean failed; nested exception is java.lang.IllegalArgumentException: Missing property sonar.embeddedDatabase.port
2025.10.15 14:07:56 ERROR web[][o.s.s.p.w.PlatformServletContextListener] Web server startup failed
org.springframework.beans.factory.BeanCreationException: Error creating bean with name 'jdk.internal.loader.ClassLoaders$AppClassLoader@4b3ed2f0-org.sonar.server.platform.db.EmbeddedDatabaseFactory': Initialization of bean failed; nested exception is java.lang.IllegalArgumentException: Missing property sonar.embeddedDatabase.port
	at org.springframework.beans.factory.support.AbstractAutowireCapableBeanFactory.doCreateBean(AbstractAutowireCapableBeanFactory.java:628)
	at org.springframework.beans.factory.support.AbstractAutowireCapableBeanFactory.createBean(AbstractAutowireCapableBeanFactory.java:542)
	at org.springframework.beans.factory.support.AbstractBeanFactory.lambda$doGetBean$0(AbstractBeanFactory.java:335)
	at org.springframework.beans.factory.support.DefaultSingletonBeanRegistry.getSingleton(DefaultSingletonBeanRegistry.java:234)
	at org.springframework.beans.factory.support.AbstractBeanFactory.doGetBean(AbstractBeanFactory.java:333)
	at org.springframework.beans.factory.support.AbstractBeanFactory.getBean(AbstractBeanFactory.java:208)
	at org.springframework.beans.factory.support.DefaultListableBeanFactory.preInstantiateSingletons(DefaultListableBeanFactory.java:955)
	at org.springframework.context.support.AbstractApplicationContext.finishBeanFactoryInitialization(AbstractApplicationContext.java:920)
	at org.springframework.context.support.AbstractApplicationContext.refresh(AbstractApplicationContext.java:583)
	at org.sonar.core.platform.SpringComponentContainer.startComponents(SpringComponentContainer.java:200)
	at org.sonar.server.platform.platformlevel.PlatformLevel.start(PlatformLevel.java:80)
	at org.sonar.server.platform.platformlevel.PlatformLevel1.start(PlatformLevel1.java:164)
	at org.sonar.server.platform.PlatformImpl.start(PlatformImpl.java:214)
	at org.sonar.server.platform.PlatformImpl.startLevel1Container(PlatformImpl.java:179)
	at org.sonar.server.platform.PlatformImpl.init(PlatformImpl.java:79)
	at org.sonar.server.platform.web.PlatformServletContextListener.contextInitialized(PlatformServletContextListener.java:45)
	at org.apache.catalina.core.StandardContext.listenerStart(StandardContext.java:4462)
	at org.apache.catalina.core.StandardContext.startInternal(StandardContext.java:4914)
	at org.apache.catalina.util.LifecycleBase.start(LifecycleBase.java:171)
	at org.apache.catalina.core.ContainerBase$StartChild.call(ContainerBase.java:1332)
	at org.apache.catalina.core.ContainerBase$StartChild.call(ContainerBase.java:1322)
	at java.base/java.util.concurrent.FutureTask.run(Unknown Source)
	at org.apache.tomcat.util.threads.InlineExecutorService.execute(InlineExecutorService.java:75)
	at java.base/java.util.concurrent.AbstractExecutorService.submit(Unknown Source)
	at org.apache.catalina.core.ContainerBase.startInternal(ContainerBase.java:866)
	at org.apache.catalina.core.StandardHost.startInternal(StandardHost.java:794)
	at org.apache.catalina.util.LifecycleBase.start(LifecycleBase.java:171)
	at org.apache.catalina.core.ContainerBase$StartChild.call(ContainerBase.java:1332)
	at org.apache.catalina.core.ContainerBase$StartChild.call(ContainerBase.java:1322)
	at java.base/java.util.concurrent.FutureTask.run(Unknown Source)
	at org.apache.tomcat.util.threads.InlineExecutorService.execute(InlineExecutorService.java:75)
	at java.base/java.util.concurrent.AbstractExecutorService.submit(Unknown Source)
	at org.apache.catalina.core.ContainerBase.startInternal(ContainerBase.java:866)
	at org.apache.catalina.core.StandardEngine.startInternal(StandardEngine.java:248)
	at org.apache.catalina.util.LifecycleBase.start(LifecycleBase.java:171)
	at org.apache.catalina.core.StandardService.startInternal(StandardService.java:433)
	at org.apache.catalina.util.LifecycleBase.start(LifecycleBase.java:171)
	at org.apache.catalina.core.StandardServer.startInternal(StandardServer.java:921)
	at org.apache.catalina.util.LifecycleBase.start(LifecycleBase.java:171)
	at org.apache.catalina.startup.Tomcat.start(Tomcat.java:489)
	at org.sonar.server.app.EmbeddedTomcat.start(EmbeddedTomcat.java:72)
	at org.sonar.server.app.WebServer.start(WebServer.java:55)
	at org.sonar.process.ProcessEntryPoint.launch(ProcessEntryPoint.java:97)
	at org.sonar.process.ProcessEntryPoint.launch(ProcessEntryPoint.java:81)
	at org.sonar.server.app.WebServer.main(WebServer.java:104)
Caused by: java.lang.IllegalArgumentException: Missing property sonar.embeddedDatabase.port
	at com.google.common.base.Preconditions.checkArgument(Preconditions.java:218)
	at org.sonar.server.platform.db.EmbeddedDatabase.getRequiredSetting(EmbeddedDatabase.java:103)
	at org.sonar.server.platform.db.EmbeddedDatabase.startServer(EmbeddedDatabase.java:68)
	at org.sonar.server.platform.db.EmbeddedDatabase.start(EmbeddedDatabase.java:63)
	at org.sonar.server.platform.db.EmbeddedDatabaseFactory.start(EmbeddedDatabaseFactory.java:49)
	at org.sonar.core.platform.StartableBeanPostProcessor.postProcessBeforeInitialization(StartableBeanPostProcessor.java:33)
	at org.springframework.beans.factory.support.AbstractAutowireCapableBeanFactory.applyBeanPostProcessorsBeforeInitialization(AbstractAutowireCapableBeanFactory.java:440)
	at org.springframework.beans.factory.support.AbstractAutowireCapableBeanFactory.initializeBean(AbstractAutowireCapableBeanFactory.java:1796)
	at org.springframework.beans.factory.support.AbstractAutowireCapableBeanFactory.doCreateBean(AbstractAutowireCapableBeanFactory.java:620)
	... 44 common frames omitted
2025.10.15 14:07:56 INFO  web[][o.s.p.ProcessEntryPoint] Hard stopping process
